<?xml version="1.0" encoding="UTF-8"?>
<testng-results skipped="0" failed="0" ignored="0" total="1" passed="1">
  <reporter-output>
  </reporter-output>
  <suite name="Suite" duration-ms="13914" started-at="2017-08-17T00:27:32Z" finished-at="2017-08-17T00:27:46Z">
    <groups>
    </groups>
    <test name="Test" duration-ms="13914" started-at="2017-08-17T00:27:32Z" finished-at="2017-08-17T00:27:46Z">
      <class name="com.test.Amazon">
        <test-method status="PASS" signature="browserstart()[pri:0, instance:com.test.Amazon@dfd3711]" name="browserstart" is-config="true" duration-ms="3696" started-at="2017-08-16T17:27:28Z" finished-at="2017-08-16T17:27:32Z">
          <reporter-output>
          </reporter-output>
        </test-method> <!-- browserstart -->
        <test-method status="PASS" signature="startappliction()[pri:1, instance:com.test.Amazon@dfd3711]" name="startappliction" duration-ms="13898" started-at="2017-08-16T17:27:32Z" finished-at="2017-08-16T17:27:46Z">
          <reporter-output>
          </reporter-output>
        </test-method> <!-- startappliction -->
      </class> <!-- com.test.Amazon -->
    </test> <!-- Test -->
  </suite> <!-- Suite -->
</testng-results>
