<?xml version="1.0" encoding="UTF-8"?>
<testng-results skipped="0" failed="0" ignored="0" total="2" passed="2">
  <reporter-output>
  </reporter-output>
  <suite name="Suite" duration-ms="30529" started-at="2017-08-15T00:55:24Z" finished-at="2017-08-15T00:55:54Z">
    <groups>
    </groups>
    <test name="Test" duration-ms="30529" started-at="2017-08-15T00:55:24Z" finished-at="2017-08-15T00:55:54Z">
      <class name="com.test.Amazon">
        <test-method status="PASS" signature="browserstart()[pri:0, instance:com.test.Amazon@26ba2a48]" name="browserstart" is-config="true" duration-ms="4715" started-at="2017-08-14T17:55:15Z" finished-at="2017-08-14T17:55:19Z">
          <reporter-output>
          </reporter-output>
        </test-method> <!-- browserstart -->
        <test-method status="PASS" signature="browserstart()[pri:0, instance:com.test.FBLogin@42d3bd8b]" name="browserstart" is-config="true" duration-ms="4102" started-at="2017-08-14T17:55:19Z" finished-at="2017-08-14T17:55:24Z">
          <reporter-output>
          </reporter-output>
        </test-method> <!-- browserstart -->
        <test-method status="PASS" signature="startappliction()[pri:1, instance:com.test.Amazon@26ba2a48]" name="startappliction" duration-ms="14652" started-at="2017-08-14T17:55:39Z" finished-at="2017-08-14T17:55:54Z">
          <reporter-output>
          </reporter-output>
        </test-method> <!-- startappliction -->
      </class> <!-- com.test.Amazon -->
      <class name="com.test.FBLogin">
        <test-method status="PASS" signature="startappliction()[pri:1, instance:com.test.FBLogin@42d3bd8b]" name="startappliction" duration-ms="15857" started-at="2017-08-14T17:55:24Z" finished-at="2017-08-14T17:55:39Z">
          <reporter-output>
          </reporter-output>
        </test-method> <!-- startappliction -->
      </class> <!-- com.test.FBLogin -->
    </test> <!-- Test -->
  </suite> <!-- Suite -->
</testng-results>
