<?xml version="1.0" encoding="UTF-8"?>
<testng-results skipped="0" failed="0" ignored="0" total="2" passed="2">
  <reporter-output>
  </reporter-output>
  <suite name="Suite" duration-ms="30483" started-at="2017-08-15T00:43:02Z" finished-at="2017-08-15T00:43:32Z">
    <groups>
    </groups>
    <test name="Test" duration-ms="30483" started-at="2017-08-15T00:43:02Z" finished-at="2017-08-15T00:43:32Z">
      <class name="com.test.Amazon">
        <test-method status="PASS" signature="browserstart()[pri:0, instance:com.test.Amazon@59f99ea]" name="browserstart" is-config="true" duration-ms="4565" started-at="2017-08-14T17:42:54Z" finished-at="2017-08-14T17:42:58Z">
          <reporter-output>
          </reporter-output>
        </test-method> <!-- browserstart -->
        <test-method status="PASS" signature="browserstart()[pri:0, instance:com.test.FBLogin@ae45eb6]" name="browserstart" is-config="true" duration-ms="3567" started-at="2017-08-14T17:42:58Z" finished-at="2017-08-14T17:43:02Z">
          <reporter-output>
          </reporter-output>
        </test-method> <!-- browserstart -->
        <test-method status="PASS" signature="startappliction()[pri:1, instance:com.test.Amazon@59f99ea]" name="startappliction" duration-ms="16825" started-at="2017-08-14T17:43:16Z" finished-at="2017-08-14T17:43:32Z">
          <reporter-output>
          </reporter-output>
        </test-method> <!-- startappliction -->
      </class> <!-- com.test.Amazon -->
      <class name="com.test.FBLogin">
        <test-method status="PASS" signature="startappliction()[pri:1, instance:com.test.FBLogin@ae45eb6]" name="startappliction" duration-ms="13638" started-at="2017-08-14T17:43:02Z" finished-at="2017-08-14T17:43:16Z">
          <reporter-output>
          </reporter-output>
        </test-method> <!-- startappliction -->
      </class> <!-- com.test.FBLogin -->
    </test> <!-- Test -->
  </suite> <!-- Suite -->
</testng-results>
